Copyright 1986-2022 Xilinx, Inc. All Rights Reserved.
------------------------------------------------------------------------------------
| Tool Version : Vivado v.2022.1 (win64) Build 3526262 Mon Apr 18 15:48:16 MDT 2022
| Date         : Wed Apr 12 00:25:53 2023
| Host         : JingDevice running 64-bit major release  (build 9200)
| Command      : upgrade_ip
| Device       : xc7z035ffg676-2
------------------------------------------------------------------------------------

Upgrade Log for IP 'system_flashing_light_0_0'

1. Summary
----------

SUCCESS in the conversion of system_flashing_light_0_0 (xilinx.com:user:flashing_light:1.0 (Rev. 5)) to Vivado generation flows.






Copyright 1986-2022 Xilinx, Inc. All Rights Reserved.
------------------------------------------------------------------------------------
| Tool Version : Vivado v.2022.1 (win64) Build 3526262 Mon Apr 18 15:48:16 MDT 2022
| Date         : Wed Apr 12 00:24:03 2023
| Host         : JingDevice running 64-bit major release  (build 9200)
| Command      : upgrade_ip
| Device       : xc7z035ffg676-2
------------------------------------------------------------------------------------

Upgrade Log for IP 'system_flashing_light_0_0'

1. Summary
----------

SUCCESS in the conversion of system_flashing_light_0_0 (xilinx.com:user:flashing_light:1.0 (Rev. 5)) to Vivado generation flows.






Copyright 1986-2022 Xilinx, Inc. All Rights Reserved.
------------------------------------------------------------------------------------
| Tool Version : Vivado v.2022.1 (win64) Build 3526262 Mon Apr 18 15:48:16 MDT 2022
| Date         : Tue Apr 11 23:19:43 2023
| Host         : JingDevice running 64-bit major release  (build 9200)
| Command      : upgrade_ip
| Device       : xc7z035ffg676-2
------------------------------------------------------------------------------------

Upgrade Log for IP 'system_flashing_light_0_0'

1. Summary
----------

SUCCESS in the conversion of system_flashing_light_0_0 (xilinx.com:user:flashing_light:1.0 (Rev. 5)) to Vivado generation flows.






Copyright 1986-2022 Xilinx, Inc. All Rights Reserved.
------------------------------------------------------------------------------------
| Tool Version : Vivado v.2022.1 (win64) Build 3526262 Mon Apr 18 15:48:16 MDT 2022
| Date         : Tue Apr 11 22:26:34 2023
| Host         : JingDevice running 64-bit major release  (build 9200)
| Command      : upgrade_ip
| Device       : xc7z035ffg676-2
------------------------------------------------------------------------------------

Upgrade Log for IP 'system_flashing_light_0_0'

1. Summary
----------

SUCCESS in the upgrade of system_flashing_light_0_0 (xilinx.com:user:flashing_light:1.0) from (Rev. 4) to (Rev. 5)

