Copyright 1986-2022 Xilinx, Inc. All Rights Reserved.
--------------------------------------------------------------------------------------------
| Tool Version : Vivado v.2022.1 (win64) Build 3526262 Mon Apr 18 15:48:16 MDT 2022
| Date         : Tue Apr 11 16:26:19 2023
| Host         : JingDevice running 64-bit major release  (build 9200)
| Command      : report_control_sets -verbose -file waterfall_light_control_sets_placed.rpt
| Design       : waterfall_light
| Device       : xc7z035
--------------------------------------------------------------------------------------------

Control Set Information

Table of Contents
-----------------
1. Summary
2. Histogram
3. Flip-Flop Distribution
4. Detailed Control Set Information

1. Summary
----------

+----------------------------------------------------------+-------+
|                          Status                          | Count |
+----------------------------------------------------------+-------+
| Total control sets                                       |    97 |
|    Minimum number of control sets                        |    97 |
|    Addition due to synthesis replication                 |     0 |
|    Addition due to physical synthesis replication        |     0 |
| Unused register locations in slices containing registers |   679 |
+----------------------------------------------------------+-------+
* Control sets can be merged at opt_design using control_set_merge or merge_equivalent_drivers
** Run report_qor_suggestions for automated merging and remapping suggestions


2. Histogram
------------

+--------------------+-------+
|       Fanout       | Count |
+--------------------+-------+
| Total control sets |    97 |
| >= 0 to < 4        |    97 |
| >= 4 to < 6        |     0 |
| >= 6 to < 8        |     0 |
| >= 8 to < 10       |     0 |
| >= 10 to < 12      |     0 |
| >= 12 to < 14      |     0 |
| >= 14 to < 16      |     0 |
| >= 16              |     0 |
+--------------------+-------+
* Control sets can be remapped at either synth_design or opt_design


3. Flip-Flop Distribution
-------------------------

+--------------+-----------------------+------------------------+-----------------+--------------+
| Clock Enable | Synchronous Set/Reset | Asynchronous Set/Reset | Total Registers | Total Slices |
+--------------+-----------------------+------------------------+-----------------+--------------+
| No           | No                    | No                     |               0 |            0 |
| No           | No                    | Yes                    |              65 |           65 |
| No           | Yes                   | No                     |              32 |           32 |
| Yes          | No                    | No                     |               0 |            0 |
| Yes          | No                    | Yes                    |               0 |            0 |
| Yes          | Yes                   | No                     |               0 |            0 |
+--------------+-----------------------+------------------------+-----------------+--------------+


4. Detailed Control Set Information
-----------------------------------

+--------------------------+---------------+-------------------------+------------------+----------------+--------------+
|       Clock Signal       | Enable Signal |     Set/Reset Signal    | Slice Load Count | Bel Load Count | Bels / Slice |
+--------------------------+---------------+-------------------------+------------------+----------------+--------------+
|  clk_100M_IBUF_BUFG      |               | cnt_reg[11]_LDC_i_1_n_0 |                1 |              1 |         1.00 |
|  clk_100M_IBUF_BUFG      |               | cnt_reg[13]_LDC_i_1_n_0 |                1 |              1 |         1.00 |
|  clk_100M_IBUF_BUFG      |               | cnt_reg[14]_LDC_i_2_n_0 |                1 |              1 |         1.00 |
|  clk_100M_IBUF_BUFG      |               | cnt_reg[12]_LDC_i_1_n_0 |                1 |              1 |         1.00 |
|  clk_100M_IBUF_BUFG      |               | cnt_reg[16]_LDC_i_2_n_0 |                1 |              1 |         1.00 |
|  clk_100M_IBUF_BUFG      |               | cnt_reg[17]_LDC_i_1_n_0 |                1 |              1 |         1.00 |
|  clk_100M_IBUF_BUFG      |               | cnt_reg[17]_LDC_i_2_n_0 |                1 |              1 |         1.00 |
|  clk_100M_IBUF_BUFG      |               | cnt_reg[16]_LDC_i_1_n_0 |                1 |              1 |         1.00 |
|  clk_100M_IBUF_BUFG      |               | cnt_reg[10]_LDC_i_2_n_0 |                1 |              1 |         1.00 |
|  clk_100M_IBUF_BUFG      |               | cnt_reg[12]_LDC_i_2_n_0 |                1 |              1 |         1.00 |
|  clk_100M_IBUF_BUFG      |               | cnt_reg[13]_LDC_i_2_n_0 |                1 |              1 |         1.00 |
|  clk_100M_IBUF_BUFG      |               | cnt_reg[15]_LDC_i_1_n_0 |                1 |              1 |         1.00 |
|  clk_100M_IBUF_BUFG      |               | cnt_reg[15]_LDC_i_2_n_0 |                1 |              1 |         1.00 |
|  clk_100M_IBUF_BUFG      |               | cnt_reg[10]_LDC_i_1_n_0 |                1 |              1 |         1.00 |
|  clk_100M_IBUF_BUFG      |               | cnt_reg[11]_LDC_i_2_n_0 |                1 |              1 |         1.00 |
|  clk_100M_IBUF_BUFG      |               | cnt_reg[0]_LDC_i_2_n_0  |                1 |              1 |         1.00 |
|  clk_100M_IBUF_BUFG      |               | cnt_reg[14]_LDC_i_1_n_0 |                1 |              1 |         1.00 |
|  clk_100M_IBUF_BUFG      |               | cnt_reg[0]_LDC_i_1_n_0  |                1 |              1 |         1.00 |
|  clk_100M_IBUF_BUFG      |               | cnt_reg[27]_LDC_i_1_n_0 |                1 |              1 |         1.00 |
|  clk_100M_IBUF_BUFG      |               | cnt_reg[27]_LDC_i_2_n_0 |                1 |              1 |         1.00 |
|  clk_100M_IBUF_BUFG      |               | cnt_reg[25]_LDC_i_1_n_0 |                1 |              1 |         1.00 |
|  clk_100M_IBUF_BUFG      |               | cnt_reg[19]_LDC_i_2_n_0 |                1 |              1 |         1.00 |
|  clk_100M_IBUF_BUFG      |               | cnt_reg[20]_LDC_i_1_n_0 |                1 |              1 |         1.00 |
|  clk_100M_IBUF_BUFG      |               | cnt_reg[1]_LDC_i_2_n_0  |                1 |              1 |         1.00 |
|  clk_100M_IBUF_BUFG      |               | cnt_reg[26]_LDC_i_2_n_0 |                1 |              1 |         1.00 |
|  clk_100M_IBUF_BUFG      |               | cnt_reg[18]_LDC_i_2_n_0 |                1 |              1 |         1.00 |
|  clk_100M_IBUF_BUFG      |               | cnt_reg[21]_LDC_i_2_n_0 |                1 |              1 |         1.00 |
|  clk_100M_IBUF_BUFG      |               | cnt_reg[1]_LDC_i_1_n_0  |                1 |              1 |         1.00 |
|  clk_100M_IBUF_BUFG      |               | cnt_reg[22]_LDC_i_1_n_0 |                1 |              1 |         1.00 |
|  clk_100M_IBUF_BUFG      |               | cnt_reg[19]_LDC_i_1_n_0 |                1 |              1 |         1.00 |
|  clk_100M_IBUF_BUFG      |               | cnt_reg[21]_LDC_i_1_n_0 |                1 |              1 |         1.00 |
|  clk_100M_IBUF_BUFG      |               | cnt_reg[23]_LDC_i_2_n_0 |                1 |              1 |         1.00 |
|  clk_100M_IBUF_BUFG      |               | cnt_reg[18]_LDC_i_1_n_0 |                1 |              1 |         1.00 |
|  clk_100M_IBUF_BUFG      |               | cnt_reg[24]_LDC_i_1_n_0 |                1 |              1 |         1.00 |
|  clk_100M_IBUF_BUFG      |               | cnt_reg[24]_LDC_i_2_n_0 |                1 |              1 |         1.00 |
|  clk_100M_IBUF_BUFG      |               | cnt_reg[23]_LDC_i_1_n_0 |                1 |              1 |         1.00 |
|  clk_100M_IBUF_BUFG      |               | cnt_reg[25]_LDC_i_2_n_0 |                1 |              1 |         1.00 |
|  clk_100M_IBUF_BUFG      |               | cnt_reg[20]_LDC_i_2_n_0 |                1 |              1 |         1.00 |
|  clk_100M_IBUF_BUFG      |               | cnt_reg[22]_LDC_i_2_n_0 |                1 |              1 |         1.00 |
|  clk_100M_IBUF_BUFG      |               | cnt_reg[26]_LDC_i_1_n_0 |                1 |              1 |         1.00 |
|  clk_100M_IBUF_BUFG      |               | cnt_reg[5]_LDC_i_2_n_0  |                1 |              1 |         1.00 |
|  clk_100M_IBUF_BUFG      |               | cnt_reg[2]_LDC_i_2_n_0  |                1 |              1 |         1.00 |
|  clk_100M_IBUF_BUFG      |               | cnt_reg[31]_LDC_i_2_n_0 |                1 |              1 |         1.00 |
|  clk_100M_IBUF_BUFG      |               | cnt_reg[4]_LDC_i_2_n_0  |                1 |              1 |         1.00 |
|  clk_100M_IBUF_BUFG      |               | cnt_reg[2]_LDC_i_1_n_0  |                1 |              1 |         1.00 |
|  clk_100M_IBUF_BUFG      |               | cnt_reg[30]_LDC_i_2_n_0 |                1 |              1 |         1.00 |
|  clk_100M_IBUF_BUFG      |               | cnt_reg[6]_LDC_i_1_n_0  |                1 |              1 |         1.00 |
|  clk_100M_IBUF_BUFG      |               | cnt_reg[3]_LDC_i_1_n_0  |                1 |              1 |         1.00 |
|  clk_100M_IBUF_BUFG      |               | cnt_reg[7]_LDC_i_2_n_0  |                1 |              1 |         1.00 |
|  clk_100M_IBUF_BUFG      |               | cnt_reg[29]_LDC_i_1_n_0 |                1 |              1 |         1.00 |
|  clk_100M_IBUF_BUFG      |               | cnt_reg[30]_LDC_i_1_n_0 |                1 |              1 |         1.00 |
|  clk_100M_IBUF_BUFG      |               | cnt_reg[28]_LDC_i_1_n_0 |                1 |              1 |         1.00 |
|  clk_100M_IBUF_BUFG      |               | cnt_reg[29]_LDC_i_2_n_0 |                1 |              1 |         1.00 |
|  clk_100M_IBUF_BUFG      |               | cnt_reg[4]_LDC_i_1_n_0  |                1 |              1 |         1.00 |
|  clk_100M_IBUF_BUFG      |               | cnt_reg[28]_LDC_i_2_n_0 |                1 |              1 |         1.00 |
|  clk_100M_IBUF_BUFG      |               | cnt_reg[31]_LDC_i_1_n_0 |                1 |              1 |         1.00 |
|  clk_100M_IBUF_BUFG      |               | cnt_reg[5]_LDC_i_1_n_0  |                1 |              1 |         1.00 |
|  clk_100M_IBUF_BUFG      |               | cnt_reg[3]_LDC_i_2_n_0  |                1 |              1 |         1.00 |
|  clk_100M_IBUF_BUFG      |               | cnt_reg[6]_LDC_i_2_n_0  |                1 |              1 |         1.00 |
|  clk_100M_IBUF_BUFG      |               | cnt_reg[7]_LDC_i_1_n_0  |                1 |              1 |         1.00 |
|  clk_100M_IBUF_BUFG      |               | cnt_reg[9]_LDC_i_2_n_0  |                1 |              1 |         1.00 |
|  clk_100M_IBUF_BUFG      |               | cnt_reg[8]_LDC_i_2_n_0  |                1 |              1 |         1.00 |
|  clk_100M_IBUF_BUFG      |               | p_0_in                  |                1 |              1 |         1.00 |
|  clk_100M_IBUF_BUFG      |               | cnt_reg[8]_LDC_i_1_n_0  |                1 |              1 |         1.00 |
|  clk_100M_IBUF_BUFG      |               | cnt_reg[9]_LDC_i_1_n_0  |                1 |              1 |         1.00 |
|  cnt_reg[11]_LDC_i_1_n_0 |               | cnt_reg[11]_LDC_i_2_n_0 |                1 |              1 |         1.00 |
|  cnt_reg[13]_LDC_i_1_n_0 |               | cnt_reg[13]_LDC_i_2_n_0 |                1 |              1 |         1.00 |
|  cnt_reg[12]_LDC_i_1_n_0 |               | cnt_reg[12]_LDC_i_2_n_0 |                1 |              1 |         1.00 |
|  cnt_reg[17]_LDC_i_1_n_0 |               | cnt_reg[17]_LDC_i_2_n_0 |                1 |              1 |         1.00 |
|  cnt_reg[16]_LDC_i_1_n_0 |               | cnt_reg[16]_LDC_i_2_n_0 |                1 |              1 |         1.00 |
|  cnt_reg[15]_LDC_i_1_n_0 |               | cnt_reg[15]_LDC_i_2_n_0 |                1 |              1 |         1.00 |
|  cnt_reg[10]_LDC_i_1_n_0 |               | cnt_reg[10]_LDC_i_2_n_0 |                1 |              1 |         1.00 |
|  cnt_reg[14]_LDC_i_1_n_0 |               | cnt_reg[14]_LDC_i_2_n_0 |                1 |              1 |         1.00 |
|  cnt_reg[0]_LDC_i_1_n_0  |               | cnt_reg[0]_LDC_i_2_n_0  |                1 |              1 |         1.00 |
|  cnt_reg[27]_LDC_i_1_n_0 |               | cnt_reg[27]_LDC_i_2_n_0 |                1 |              1 |         1.00 |
|  cnt_reg[25]_LDC_i_1_n_0 |               | cnt_reg[25]_LDC_i_2_n_0 |                1 |              1 |         1.00 |
|  cnt_reg[20]_LDC_i_1_n_0 |               | cnt_reg[20]_LDC_i_2_n_0 |                1 |              1 |         1.00 |
|  cnt_reg[1]_LDC_i_1_n_0  |               | cnt_reg[1]_LDC_i_2_n_0  |                1 |              1 |         1.00 |
|  cnt_reg[22]_LDC_i_1_n_0 |               | cnt_reg[22]_LDC_i_2_n_0 |                1 |              1 |         1.00 |
|  cnt_reg[19]_LDC_i_1_n_0 |               | cnt_reg[19]_LDC_i_2_n_0 |                1 |              1 |         1.00 |
|  cnt_reg[21]_LDC_i_1_n_0 |               | cnt_reg[21]_LDC_i_2_n_0 |                1 |              1 |         1.00 |
|  cnt_reg[18]_LDC_i_1_n_0 |               | cnt_reg[18]_LDC_i_2_n_0 |                1 |              1 |         1.00 |
|  cnt_reg[24]_LDC_i_1_n_0 |               | cnt_reg[24]_LDC_i_2_n_0 |                1 |              1 |         1.00 |
|  cnt_reg[23]_LDC_i_1_n_0 |               | cnt_reg[23]_LDC_i_2_n_0 |                1 |              1 |         1.00 |
|  cnt_reg[26]_LDC_i_1_n_0 |               | cnt_reg[26]_LDC_i_2_n_0 |                1 |              1 |         1.00 |
|  cnt_reg[2]_LDC_i_1_n_0  |               | cnt_reg[2]_LDC_i_2_n_0  |                1 |              1 |         1.00 |
|  cnt_reg[6]_LDC_i_1_n_0  |               | cnt_reg[6]_LDC_i_2_n_0  |                1 |              1 |         1.00 |
|  cnt_reg[3]_LDC_i_1_n_0  |               | cnt_reg[3]_LDC_i_2_n_0  |                1 |              1 |         1.00 |
|  cnt_reg[29]_LDC_i_1_n_0 |               | cnt_reg[29]_LDC_i_2_n_0 |                1 |              1 |         1.00 |
|  cnt_reg[30]_LDC_i_1_n_0 |               | cnt_reg[30]_LDC_i_2_n_0 |                1 |              1 |         1.00 |
|  cnt_reg[28]_LDC_i_1_n_0 |               | cnt_reg[28]_LDC_i_2_n_0 |                1 |              1 |         1.00 |
|  cnt_reg[4]_LDC_i_1_n_0  |               | cnt_reg[4]_LDC_i_2_n_0  |                1 |              1 |         1.00 |
|  cnt_reg[31]_LDC_i_1_n_0 |               | cnt_reg[31]_LDC_i_2_n_0 |                1 |              1 |         1.00 |
|  cnt_reg[5]_LDC_i_1_n_0  |               | cnt_reg[5]_LDC_i_2_n_0  |                1 |              1 |         1.00 |
|  cnt_reg[7]_LDC_i_1_n_0  |               | cnt_reg[7]_LDC_i_2_n_0  |                1 |              1 |         1.00 |
|  cnt_reg[8]_LDC_i_1_n_0  |               | cnt_reg[8]_LDC_i_2_n_0  |                1 |              1 |         1.00 |
|  cnt_reg[9]_LDC_i_1_n_0  |               | cnt_reg[9]_LDC_i_2_n_0  |                1 |              1 |         1.00 |
+--------------------------+---------------+-------------------------+------------------+----------------+--------------+


