Copyright 1986-2022 Xilinx, Inc. All Rights Reserved.
-------------------------------------------------------------------------------------------
| Tool Version : Vivado v.2022.1 (win64) Build 3526262 Mon Apr 18 15:48:16 MDT 2022
| Date         : Wed Apr 12 00:28:58 2023
| Host         : JingDevice running 64-bit major release  (build 9200)
| Command      : report_control_sets -verbose -file system_wrapper_control_sets_placed.rpt
| Design       : system_wrapper
| Device       : xc7z035
-------------------------------------------------------------------------------------------

Control Set Information

Table of Contents
-----------------
1. Summary
2. Histogram
3. Flip-Flop Distribution
4. Detailed Control Set Information

1. Summary
----------

+----------------------------------------------------------+-------+
|                          Status                          | Count |
+----------------------------------------------------------+-------+
| Total control sets                                       |   143 |
|    Minimum number of control sets                        |   143 |
|    Addition due to synthesis replication                 |     0 |
|    Addition due to physical synthesis replication        |     0 |
| Unused register locations in slices containing registers |   766 |
+----------------------------------------------------------+-------+
* Control sets can be merged at opt_design using control_set_merge or merge_equivalent_drivers
** Run report_qor_suggestions for automated merging and remapping suggestions


2. Histogram
------------

+--------------------+-------+
|       Fanout       | Count |
+--------------------+-------+
| Total control sets |   143 |
| >= 0 to < 4        |    98 |
| >= 4 to < 6        |    10 |
| >= 6 to < 8        |     1 |
| >= 8 to < 10       |    17 |
| >= 10 to < 12      |     2 |
| >= 12 to < 14      |     2 |
| >= 14 to < 16      |     2 |
| >= 16              |    11 |
+--------------------+-------+
* Control sets can be remapped at either synth_design or opt_design


3. Flip-Flop Distribution
-------------------------

+--------------+-----------------------+------------------------+-----------------+--------------+
| Clock Enable | Synchronous Set/Reset | Asynchronous Set/Reset | Total Registers | Total Slices |
+--------------+-----------------------+------------------------+-----------------+--------------+
| No           | No                    | No                     |             109 |           30 |
| No           | No                    | Yes                    |              65 |           65 |
| No           | Yes                   | No                     |              64 |           43 |
| Yes          | No                    | No                     |             271 |           58 |
| Yes          | No                    | Yes                    |               0 |            0 |
| Yes          | Yes                   | No                     |             189 |           37 |
+--------------+-----------------------+------------------------+-----------------+--------------+


4. Detailed Control Set Information
-----------------------------------

+------------------------------------------------------------------------+--------------------------------------------------------------------------------------------------------------------------------------------------------------+-----------------------------------------------------------------------------------------------------------------------------------------------------+------------------+----------------+--------------+
|                              Clock Signal                              |                                                                         Enable Signal                                                                        |                                                                   Set/Reset Signal                                                                  | Slice Load Count | Bel Load Count | Bels / Slice |
+------------------------------------------------------------------------+--------------------------------------------------------------------------------------------------------------------------------------------------------------+-----------------------------------------------------------------------------------------------------------------------------------------------------+------------------+----------------+--------------+
|  system_i/flashing_light_0/inst/flashing_light/cnt_reg[0]_LDC_i_1_n_0  |                                                                                                                                                              | system_i/flashing_light_0/inst/flashing_light/cnt_reg[0]_LDC_i_2_n_0                                                                                |                1 |              1 |         1.00 |
|  system_i/flashing_light_0/inst/flashing_light/cnt_reg[10]_LDC_i_1_n_0 |                                                                                                                                                              | system_i/flashing_light_0/inst/flashing_light/cnt_reg[10]_LDC_i_2_n_0                                                                               |                1 |              1 |         1.00 |
|  system_i/flashing_light_0/inst/flashing_light/cnt_reg[13]_LDC_i_1_n_0 |                                                                                                                                                              | system_i/flashing_light_0/inst/flashing_light/cnt_reg[13]_LDC_i_2_n_0                                                                               |                1 |              1 |         1.00 |
|  system_i/flashing_light_0/inst/flashing_light/cnt_reg[16]_LDC_i_1_n_0 |                                                                                                                                                              | system_i/flashing_light_0/inst/flashing_light/cnt_reg[16]_LDC_i_2_n_0                                                                               |                1 |              1 |         1.00 |
|  system_i/flashing_light_0/inst/flashing_light/cnt_reg[19]_LDC_i_1_n_0 |                                                                                                                                                              | system_i/flashing_light_0/inst/flashing_light/cnt_reg[19]_LDC_i_2_n_0                                                                               |                1 |              1 |         1.00 |
|  system_i/flashing_light_0/inst/flashing_light/cnt_reg[20]_LDC_i_1_n_0 |                                                                                                                                                              | system_i/flashing_light_0/inst/flashing_light/cnt_reg[20]_LDC_i_2_n_0                                                                               |                1 |              1 |         1.00 |
|  system_i/flashing_light_0/inst/flashing_light/cnt_reg[21]_LDC_i_1_n_0 |                                                                                                                                                              | system_i/flashing_light_0/inst/flashing_light/cnt_reg[21]_LDC_i_2_n_0                                                                               |                1 |              1 |         1.00 |
|  system_i/flashing_light_0/inst/flashing_light/cnt_reg[22]_LDC_i_1_n_0 |                                                                                                                                                              | system_i/flashing_light_0/inst/flashing_light/cnt_reg[22]_LDC_i_2_n_0                                                                               |                1 |              1 |         1.00 |
|  system_i/flashing_light_0/inst/flashing_light/cnt_reg[1]_LDC_i_1_n_0  |                                                                                                                                                              | system_i/flashing_light_0/inst/flashing_light/cnt_reg[1]_LDC_i_2_n_0                                                                                |                1 |              1 |         1.00 |
|  system_i/flashing_light_0/inst/flashing_light/cnt_reg[11]_LDC_i_1_n_0 |                                                                                                                                                              | system_i/flashing_light_0/inst/flashing_light/cnt_reg[11]_LDC_i_2_n_0                                                                               |                1 |              1 |         1.00 |
|  system_i/flashing_light_0/inst/flashing_light/cnt_reg[17]_LDC_i_1_n_0 |                                                                                                                                                              | system_i/flashing_light_0/inst/flashing_light/cnt_reg[17]_LDC_i_2_n_0                                                                               |                1 |              1 |         1.00 |
|  system_i/flashing_light_0/inst/flashing_light/cnt_reg[12]_LDC_i_1_n_0 |                                                                                                                                                              | system_i/flashing_light_0/inst/flashing_light/cnt_reg[12]_LDC_i_2_n_0                                                                               |                1 |              1 |         1.00 |
|  system_i/flashing_light_0/inst/flashing_light/cnt_reg[18]_LDC_i_1_n_0 |                                                                                                                                                              | system_i/flashing_light_0/inst/flashing_light/cnt_reg[18]_LDC_i_2_n_0                                                                               |                1 |              1 |         1.00 |
|  system_i/flashing_light_0/inst/flashing_light/cnt_reg[14]_LDC_i_1_n_0 |                                                                                                                                                              | system_i/flashing_light_0/inst/flashing_light/cnt_reg[14]_LDC_i_2_n_0                                                                               |                1 |              1 |         1.00 |
|  system_i/flashing_light_0/inst/flashing_light/cnt_reg[15]_LDC_i_1_n_0 |                                                                                                                                                              | system_i/flashing_light_0/inst/flashing_light/cnt_reg[15]_LDC_i_2_n_0                                                                               |                1 |              1 |         1.00 |
|  system_i/flashing_light_0/inst/flashing_light/cnt_reg[26]_LDC_i_1_n_0 |                                                                                                                                                              | system_i/flashing_light_0/inst/flashing_light/cnt_reg[26]_LDC_i_2_n_0                                                                               |                1 |              1 |         1.00 |
|  system_i/flashing_light_0/inst/flashing_light/cnt_reg[3]_LDC_i_1_n_0  |                                                                                                                                                              | system_i/flashing_light_0/inst/flashing_light/cnt_reg[3]_LDC_i_2_n_0                                                                                |                1 |              1 |         1.00 |
|  system_i/flashing_light_0/inst/flashing_light/cnt_reg[4]_LDC_i_1_n_0  |                                                                                                                                                              | system_i/flashing_light_0/inst/flashing_light/cnt_reg[4]_LDC_i_2_n_0                                                                                |                1 |              1 |         1.00 |
|  system_i/flashing_light_0/inst/flashing_light/cnt_reg[2]_LDC_i_1_n_0  |                                                                                                                                                              | system_i/flashing_light_0/inst/flashing_light/cnt_reg[2]_LDC_i_2_n_0                                                                                |                1 |              1 |         1.00 |
|  system_i/flashing_light_0/inst/flashing_light/cnt_reg[5]_LDC_i_1_n_0  |                                                                                                                                                              | system_i/flashing_light_0/inst/flashing_light/cnt_reg[5]_LDC_i_2_n_0                                                                                |                1 |              1 |         1.00 |
|  system_i/flashing_light_0/inst/flashing_light/cnt_reg[31]_LDC_i_1_n_0 |                                                                                                                                                              | system_i/flashing_light_0/inst/flashing_light/cnt_reg[31]_LDC_i_2_n_0                                                                               |                1 |              1 |         1.00 |
|  system_i/flashing_light_0/inst/flashing_light/cnt_reg[28]_LDC_i_1_n_0 |                                                                                                                                                              | system_i/flashing_light_0/inst/flashing_light/cnt_reg[28]_LDC_i_2_n_0                                                                               |                1 |              1 |         1.00 |
|  system_i/flashing_light_0/inst/flashing_light/cnt_reg[23]_LDC_i_1_n_0 |                                                                                                                                                              | system_i/flashing_light_0/inst/flashing_light/cnt_reg[23]_LDC_i_2_n_0                                                                               |                1 |              1 |         1.00 |
|  system_i/flashing_light_0/inst/flashing_light/cnt_reg[24]_LDC_i_1_n_0 |                                                                                                                                                              | system_i/flashing_light_0/inst/flashing_light/cnt_reg[24]_LDC_i_2_n_0                                                                               |                1 |              1 |         1.00 |
|  system_i/flashing_light_0/inst/flashing_light/cnt_reg[27]_LDC_i_1_n_0 |                                                                                                                                                              | system_i/flashing_light_0/inst/flashing_light/cnt_reg[27]_LDC_i_2_n_0                                                                               |                1 |              1 |         1.00 |
|  system_i/flashing_light_0/inst/flashing_light/cnt_reg[29]_LDC_i_1_n_0 |                                                                                                                                                              | system_i/flashing_light_0/inst/flashing_light/cnt_reg[29]_LDC_i_2_n_0                                                                               |                1 |              1 |         1.00 |
|  system_i/flashing_light_0/inst/flashing_light/cnt_reg[25]_LDC_i_1_n_0 |                                                                                                                                                              | system_i/flashing_light_0/inst/flashing_light/cnt_reg[25]_LDC_i_2_n_0                                                                               |                1 |              1 |         1.00 |
|  system_i/flashing_light_0/inst/flashing_light/cnt_reg[30]_LDC_i_1_n_0 |                                                                                                                                                              | system_i/flashing_light_0/inst/flashing_light/cnt_reg[30]_LDC_i_2_n_0                                                                               |                1 |              1 |         1.00 |
|  system_i/flashing_light_0/inst/flashing_light/cnt_reg[7]_LDC_i_1_n_0  |                                                                                                                                                              | system_i/flashing_light_0/inst/flashing_light/cnt_reg[7]_LDC_i_2_n_0                                                                                |                1 |              1 |         1.00 |
|  system_i/flashing_light_0/inst/flashing_light/cnt_reg[8]_LDC_i_1_n_0  |                                                                                                                                                              | system_i/flashing_light_0/inst/flashing_light/cnt_reg[8]_LDC_i_2_n_0                                                                                |                1 |              1 |         1.00 |
|  system_i/flashing_light_0/inst/flashing_light/cnt_reg[6]_LDC_i_1_n_0  |                                                                                                                                                              | system_i/flashing_light_0/inst/flashing_light/cnt_reg[6]_LDC_i_2_n_0                                                                                |                1 |              1 |         1.00 |
|  system_i/flashing_light_0/inst/flashing_light/cnt_reg[9]_LDC_i_1_n_0  |                                                                                                                                                              | system_i/flashing_light_0/inst/flashing_light/cnt_reg[9]_LDC_i_2_n_0                                                                                |                1 |              1 |         1.00 |
|  system_i/processing_system7_0/inst/FCLK_CLK0                          |                                                                                                                                                              | system_i/flashing_light_0/inst/flashing_light/cnt_reg[9]_LDC_i_1_n_0                                                                                |                1 |              1 |         1.00 |
|  system_i/processing_system7_0/inst/FCLK_CLK0                          |                                                                                                                                                              | system_i/flashing_light_0/inst/flashing_light/cnt_reg[7]_LDC_i_2_n_0                                                                                |                1 |              1 |         1.00 |
|  system_i/processing_system7_0/inst/FCLK_CLK0                          | system_i/ps7_0_axi_periph/s00_couplers/auto_pc/inst/gen_axilite.gen_b2s_conv.axilite_b2s/WR.aw_channel_0/aw_cmd_fsm_0/FSM_sequential_state_reg[0]_1          | system_i/ps7_0_axi_periph/s00_couplers/auto_pc/inst/gen_axilite.gen_b2s_conv.axilite_b2s/WR.aw_channel_0/aw_cmd_fsm_0/FSM_sequential_state_reg[0]_0 |                1 |              1 |         1.00 |
|  system_i/processing_system7_0/inst/FCLK_CLK0                          |                                                                                                                                                              | system_i/flashing_light_0/inst/flashing_light/cnt_reg[0]_LDC_i_1_n_0                                                                                |                1 |              1 |         1.00 |
|  system_i/processing_system7_0/inst/FCLK_CLK0                          |                                                                                                                                                              | system_i/flashing_light_0/inst/flashing_light/cnt_reg[0]_LDC_i_2_n_0                                                                                |                1 |              1 |         1.00 |
|  system_i/processing_system7_0/inst/FCLK_CLK0                          |                                                                                                                                                              | system_i/flashing_light_0/inst/flashing_light/cnt_reg[10]_LDC_i_1_n_0                                                                               |                1 |              1 |         1.00 |
|  system_i/processing_system7_0/inst/FCLK_CLK0                          |                                                                                                                                                              | system_i/flashing_light_0/inst/flashing_light/cnt_reg[10]_LDC_i_2_n_0                                                                               |                1 |              1 |         1.00 |
|  system_i/processing_system7_0/inst/FCLK_CLK0                          |                                                                                                                                                              | system_i/flashing_light_0/inst/flashing_light/cnt_reg[13]_LDC_i_1_n_0                                                                               |                1 |              1 |         1.00 |
|  system_i/processing_system7_0/inst/FCLK_CLK0                          |                                                                                                                                                              | system_i/flashing_light_0/inst/flashing_light/cnt_reg[1]_LDC_i_2_n_0                                                                                |                1 |              1 |         1.00 |
|  system_i/processing_system7_0/inst/FCLK_CLK0                          |                                                                                                                                                              | system_i/flashing_light_0/inst/flashing_light/cnt_reg[16]_LDC_i_1_n_0                                                                               |                1 |              1 |         1.00 |
|  system_i/processing_system7_0/inst/FCLK_CLK0                          |                                                                                                                                                              | system_i/flashing_light_0/inst/flashing_light/cnt_reg[11]_LDC_i_2_n_0                                                                               |                1 |              1 |         1.00 |
|  system_i/processing_system7_0/inst/FCLK_CLK0                          |                                                                                                                                                              | system_i/flashing_light_0/inst/flashing_light/cnt_reg[19]_LDC_i_1_n_0                                                                               |                1 |              1 |         1.00 |
|  system_i/processing_system7_0/inst/FCLK_CLK0                          |                                                                                                                                                              | system_i/flashing_light_0/inst/flashing_light/cnt_reg[20]_LDC_i_1_n_0                                                                               |                1 |              1 |         1.00 |
|  system_i/processing_system7_0/inst/FCLK_CLK0                          |                                                                                                                                                              | system_i/flashing_light_0/inst/flashing_light/cnt_reg[21]_LDC_i_1_n_0                                                                               |                1 |              1 |         1.00 |
|  system_i/processing_system7_0/inst/FCLK_CLK0                          |                                                                                                                                                              | system_i/flashing_light_0/inst/flashing_light/cnt_reg[19]_LDC_i_2_n_0                                                                               |                1 |              1 |         1.00 |
|  system_i/processing_system7_0/inst/FCLK_CLK0                          |                                                                                                                                                              | system_i/flashing_light_0/inst/flashing_light/cnt_reg[20]_LDC_i_2_n_0                                                                               |                1 |              1 |         1.00 |
|  system_i/processing_system7_0/inst/FCLK_CLK0                          |                                                                                                                                                              | system_i/flashing_light_0/inst/flashing_light/cnt_reg[22]_LDC_i_1_n_0                                                                               |                1 |              1 |         1.00 |
|  system_i/processing_system7_0/inst/FCLK_CLK0                          |                                                                                                                                                              | system_i/flashing_light_0/inst/flashing_light/cnt_reg[21]_LDC_i_2_n_0                                                                               |                1 |              1 |         1.00 |
|  system_i/processing_system7_0/inst/FCLK_CLK0                          |                                                                                                                                                              | system_i/flashing_light_0/inst/flashing_light/cnt_reg[13]_LDC_i_2_n_0                                                                               |                1 |              1 |         1.00 |
|  system_i/processing_system7_0/inst/FCLK_CLK0                          |                                                                                                                                                              | system_i/flashing_light_0/inst/flashing_light/cnt_reg[18]_LDC_i_2_n_0                                                                               |                1 |              1 |         1.00 |
|  system_i/processing_system7_0/inst/FCLK_CLK0                          |                                                                                                                                                              | system_i/flashing_light_0/inst/flashing_light/cnt_reg[22]_LDC_i_2_n_0                                                                               |                1 |              1 |         1.00 |
|  system_i/processing_system7_0/inst/FCLK_CLK0                          |                                                                                                                                                              | system_i/flashing_light_0/inst/flashing_light/cnt_reg[14]_LDC_i_2_n_0                                                                               |                1 |              1 |         1.00 |
|  system_i/processing_system7_0/inst/FCLK_CLK0                          |                                                                                                                                                              | system_i/flashing_light_0/inst/flashing_light/cnt_reg[1]_LDC_i_1_n_0                                                                                |                1 |              1 |         1.00 |
|  system_i/processing_system7_0/inst/FCLK_CLK0                          |                                                                                                                                                              | system_i/flashing_light_0/inst/flashing_light/cnt_reg[12]_LDC_i_2_n_0                                                                               |                1 |              1 |         1.00 |
|  system_i/processing_system7_0/inst/FCLK_CLK0                          |                                                                                                                                                              | system_i/flashing_light_0/inst/flashing_light/cnt_reg[11]_LDC_i_1_n_0                                                                               |                1 |              1 |         1.00 |
|  system_i/processing_system7_0/inst/FCLK_CLK0                          |                                                                                                                                                              | system_i/flashing_light_0/inst/flashing_light/cnt_reg[15]_LDC_i_2_n_0                                                                               |                1 |              1 |         1.00 |
|  system_i/processing_system7_0/inst/FCLK_CLK0                          |                                                                                                                                                              | system_i/flashing_light_0/inst/flashing_light/cnt_reg[17]_LDC_i_1_n_0                                                                               |                1 |              1 |         1.00 |
|  system_i/processing_system7_0/inst/FCLK_CLK0                          |                                                                                                                                                              | system_i/flashing_light_0/inst/flashing_light/cnt_reg[12]_LDC_i_1_n_0                                                                               |                1 |              1 |         1.00 |
|  system_i/processing_system7_0/inst/FCLK_CLK0                          |                                                                                                                                                              | system_i/flashing_light_0/inst/flashing_light/cnt_reg[17]_LDC_i_2_n_0                                                                               |                1 |              1 |         1.00 |
|  system_i/processing_system7_0/inst/FCLK_CLK0                          |                                                                                                                                                              | system_i/flashing_light_0/inst/flashing_light/cnt_reg[16]_LDC_i_2_n_0                                                                               |                1 |              1 |         1.00 |
|  system_i/processing_system7_0/inst/FCLK_CLK0                          |                                                                                                                                                              | system_i/flashing_light_0/inst/flashing_light/cnt_reg[18]_LDC_i_1_n_0                                                                               |                1 |              1 |         1.00 |
|  system_i/processing_system7_0/inst/FCLK_CLK0                          |                                                                                                                                                              | system_i/flashing_light_0/inst/flashing_light/cnt_reg[14]_LDC_i_1_n_0                                                                               |                1 |              1 |         1.00 |
|  system_i/processing_system7_0/inst/FCLK_CLK0                          |                                                                                                                                                              | system_i/flashing_light_0/inst/flashing_light/cnt_reg[15]_LDC_i_1_n_0                                                                               |                1 |              1 |         1.00 |
|  system_i/processing_system7_0/inst/FCLK_CLK0                          |                                                                                                                                                              | system_i/flashing_light_0/inst/flashing_light/cnt_reg[26]_LDC_i_1_n_0                                                                               |                1 |              1 |         1.00 |
|  system_i/processing_system7_0/inst/FCLK_CLK0                          |                                                                                                                                                              | system_i/flashing_light_0/inst/flashing_light/cnt_reg[31]_LDC_i_2_n_0                                                                               |                1 |              1 |         1.00 |
|  system_i/processing_system7_0/inst/FCLK_CLK0                          |                                                                                                                                                              | system_i/flashing_light_0/inst/flashing_light/cnt_reg[24]_LDC_i_2_n_0                                                                               |                1 |              1 |         1.00 |
|  system_i/processing_system7_0/inst/FCLK_CLK0                          |                                                                                                                                                              | system_i/flashing_light_0/inst/flashing_light/cnt_reg[30]_LDC_i_2_n_0                                                                               |                1 |              1 |         1.00 |
|  system_i/processing_system7_0/inst/FCLK_CLK0                          |                                                                                                                                                              | system_i/flashing_light_0/inst/flashing_light/cnt_reg[3]_LDC_i_1_n_0                                                                                |                1 |              1 |         1.00 |
|  system_i/processing_system7_0/inst/FCLK_CLK0                          |                                                                                                                                                              | system_i/flashing_light_0/inst/flashing_light/cnt_reg[3]_LDC_i_2_n_0                                                                                |                1 |              1 |         1.00 |
|  system_i/processing_system7_0/inst/FCLK_CLK0                          |                                                                                                                                                              | system_i/flashing_light_0/inst/flashing_light/cnt_reg[4]_LDC_i_1_n_0                                                                                |                1 |              1 |         1.00 |
|  system_i/processing_system7_0/inst/FCLK_CLK0                          |                                                                                                                                                              | system_i/flashing_light_0/inst/flashing_light/cnt_reg[4]_LDC_i_2_n_0                                                                                |                1 |              1 |         1.00 |
|  system_i/processing_system7_0/inst/FCLK_CLK0                          |                                                                                                                                                              | system_i/flashing_light_0/inst/flashing_light/cnt_reg[27]_LDC_i_2_n_0                                                                               |                1 |              1 |         1.00 |
|  system_i/processing_system7_0/inst/FCLK_CLK0                          |                                                                                                                                                              | system_i/flashing_light_0/inst/flashing_light/cnt_reg[2]_LDC_i_1_n_0                                                                                |                1 |              1 |         1.00 |
|  system_i/processing_system7_0/inst/FCLK_CLK0                          |                                                                                                                                                              | system_i/flashing_light_0/inst/flashing_light/cnt_reg[2]_LDC_i_2_n_0                                                                                |                1 |              1 |         1.00 |
|  system_i/processing_system7_0/inst/FCLK_CLK0                          |                                                                                                                                                              | system_i/flashing_light_0/inst/flashing_light/cnt_reg[5]_LDC_i_1_n_0                                                                                |                1 |              1 |         1.00 |
|  system_i/processing_system7_0/inst/FCLK_CLK0                          |                                                                                                                                                              | system_i/flashing_light_0/inst/flashing_light/cnt_reg[5]_LDC_i_2_n_0                                                                                |                1 |              1 |         1.00 |
|  system_i/processing_system7_0/inst/FCLK_CLK0                          |                                                                                                                                                              | system_i/flashing_light_0/inst/flashing_light/cnt_reg[31]_LDC_i_1_n_0                                                                               |                1 |              1 |         1.00 |
|  system_i/processing_system7_0/inst/FCLK_CLK0                          |                                                                                                                                                              | system_i/flashing_light_0/inst/flashing_light/cnt_reg[23]_LDC_i_2_n_0                                                                               |                1 |              1 |         1.00 |
|  system_i/processing_system7_0/inst/FCLK_CLK0                          |                                                                                                                                                              | system_i/flashing_light_0/inst/flashing_light/cnt_reg[28]_LDC_i_1_n_0                                                                               |                1 |              1 |         1.00 |
|  system_i/processing_system7_0/inst/FCLK_CLK0                          |                                                                                                                                                              | system_i/flashing_light_0/inst/flashing_light/cnt_reg[28]_LDC_i_2_n_0                                                                               |                1 |              1 |         1.00 |
|  system_i/processing_system7_0/inst/FCLK_CLK0                          |                                                                                                                                                              | system_i/flashing_light_0/inst/flashing_light/cnt_reg[23]_LDC_i_1_n_0                                                                               |                1 |              1 |         1.00 |
|  system_i/processing_system7_0/inst/FCLK_CLK0                          |                                                                                                                                                              | system_i/flashing_light_0/inst/flashing_light/cnt_reg[24]_LDC_i_1_n_0                                                                               |                1 |              1 |         1.00 |
|  system_i/processing_system7_0/inst/FCLK_CLK0                          |                                                                                                                                                              | system_i/flashing_light_0/inst/flashing_light/cnt_reg[27]_LDC_i_1_n_0                                                                               |                1 |              1 |         1.00 |
|  system_i/processing_system7_0/inst/FCLK_CLK0                          |                                                                                                                                                              | system_i/flashing_light_0/inst/flashing_light/cnt_reg[25]_LDC_i_2_n_0                                                                               |                1 |              1 |         1.00 |
|  system_i/processing_system7_0/inst/FCLK_CLK0                          |                                                                                                                                                              | system_i/flashing_light_0/inst/flashing_light/cnt_reg[26]_LDC_i_2_n_0                                                                               |                1 |              1 |         1.00 |
|  system_i/processing_system7_0/inst/FCLK_CLK0                          |                                                                                                                                                              | system_i/flashing_light_0/inst/flashing_light/cnt_reg[29]_LDC_i_1_n_0                                                                               |                1 |              1 |         1.00 |
|  system_i/processing_system7_0/inst/FCLK_CLK0                          |                                                                                                                                                              | system_i/flashing_light_0/inst/flashing_light/cnt_reg[29]_LDC_i_2_n_0                                                                               |                1 |              1 |         1.00 |
|  system_i/processing_system7_0/inst/FCLK_CLK0                          |                                                                                                                                                              | system_i/flashing_light_0/inst/flashing_light/cnt_reg[25]_LDC_i_1_n_0                                                                               |                1 |              1 |         1.00 |
|  system_i/processing_system7_0/inst/FCLK_CLK0                          |                                                                                                                                                              | system_i/flashing_light_0/inst/flashing_light/cnt_reg[30]_LDC_i_1_n_0                                                                               |                1 |              1 |         1.00 |
|  system_i/processing_system7_0/inst/FCLK_CLK0                          |                                                                                                                                                              | system_i/flashing_light_0/inst/flashing_light/cnt_reg[7]_LDC_i_1_n_0                                                                                |                1 |              1 |         1.00 |
|  system_i/processing_system7_0/inst/FCLK_CLK0                          |                                                                                                                                                              | system_i/flashing_light_0/inst/flashing_light/cnt_reg[8]_LDC_i_1_n_0                                                                                |                1 |              1 |         1.00 |
|  system_i/processing_system7_0/inst/FCLK_CLK0                          |                                                                                                                                                              | system_i/flashing_light_0/inst/flashing_light/cnt_reg[9]_LDC_i_2_n_0                                                                                |                1 |              1 |         1.00 |
|  system_i/processing_system7_0/inst/FCLK_CLK0                          |                                                                                                                                                              | system_i/flashing_light_0/inst/flashing_light/cnt_reg[6]_LDC_i_2_n_0                                                                                |                1 |              1 |         1.00 |
|  system_i/processing_system7_0/inst/FCLK_CLK0                          |                                                                                                                                                              | system_i/flashing_light_0/inst/flashing_light/cnt_reg[6]_LDC_i_1_n_0                                                                                |                1 |              1 |         1.00 |
|  system_i/processing_system7_0/inst/FCLK_CLK0                          |                                                                                                                                                              | system_i/flashing_light_0/inst/flashing_light/cnt_reg[8]_LDC_i_2_n_0                                                                                |                1 |              1 |         1.00 |
|  system_i/processing_system7_0/inst/FCLK_CLK0                          | system_i/ps7_0_axi_periph/s00_couplers/auto_pc/inst/gen_axilite.gen_b2s_conv.axilite_b2s/WR.b_channel_0/bid_fifo_0/sel                                       |                                                                                                                                                     |                1 |              2 |         2.00 |
|  system_i/processing_system7_0/inst/FCLK_CLK0                          |                                                                                                                                                              | system_i/ps7_0_axi_periph/s00_couplers/auto_pc/inst/gen_axilite.gen_b2s_conv.axilite_b2s/SI_REG/aw.aw_pipe/aresetn_d_reg[0]_0                       |                1 |              4 |         4.00 |
|  system_i/processing_system7_0/inst/FCLK_CLK0                          | system_i/ps7_0_axi_periph/s00_couplers/auto_pc/inst/gen_axilite.gen_b2s_conv.axilite_b2s/RD.ar_channel_0/ar_cmd_fsm_0/sel_first_reg[0]                       |                                                                                                                                                     |                2 |              4 |         2.00 |
|  system_i/processing_system7_0/inst/FCLK_CLK0                          |                                                                                                                                                              | system_i/rst_ps7_0_50M/U0/EXT_LPF/lpf_int                                                                                                           |                1 |              4 |         4.00 |
|  system_i/processing_system7_0/inst/FCLK_CLK0                          |                                                                                                                                                              | system_i/ps7_0_axi_periph/s00_couplers/auto_pc/inst/gen_axilite.gen_b2s_conv.axilite_b2s/SI_REG/ar.ar_pipe/aresetn_d_reg[1]_inv_0                   |                1 |              4 |         4.00 |
|  system_i/processing_system7_0/inst/FCLK_CLK0                          | system_i/ps7_0_axi_periph/s00_couplers/auto_pc/inst/gen_axilite.gen_b2s_conv.axilite_b2s/WR.aw_channel_0/aw_cmd_fsm_0/m_valid_i_reg[0]                       |                                                                                                                                                     |                2 |              4 |         2.00 |
|  system_i/processing_system7_0/inst/FCLK_CLK0                          | system_i/ps7_0_axi_periph/s00_couplers/auto_pc/inst/gen_axilite.gen_b2s_conv.axilite_b2s/RD.ar_channel_0/ar_cmd_fsm_0/m_axi_arready_2                        | system_i/ps7_0_axi_periph/s00_couplers/auto_pc/inst/gen_axilite.gen_b2s_conv.axilite_b2s/RD.ar_channel_0/ar_cmd_fsm_0/FSM_sequential_state_reg[1]_0 |                1 |              4 |         4.00 |
|  system_i/processing_system7_0/inst/FCLK_CLK0                          | system_i/ps7_0_axi_periph/s00_couplers/auto_pc/inst/gen_axilite.gen_b2s_conv.axilite_b2s/RD.ar_channel_0/ar_cmd_fsm_0/E[0]                                   |                                                                                                                                                     |                2 |              4 |         2.00 |
|  system_i/processing_system7_0/inst/FCLK_CLK0                          | system_i/ps7_0_axi_periph/s00_couplers/auto_pc/inst/gen_axilite.gen_b2s_conv.axilite_b2s/WR.aw_channel_0/cmd_translator_0/incr_cmd_0/axaddr_incr[11]_i_1_n_0 |                                                                                                                                                     |                2 |              4 |         2.00 |
|  system_i/processing_system7_0/inst/FCLK_CLK0                          | system_i/ps7_0_axi_periph/s00_couplers/auto_pc/inst/gen_axilite.gen_b2s_conv.axilite_b2s/RD.r_channel_0/rd_data_fifo_0/cnt_read[4]_i_1__0_n_0                | system_i/ps7_0_axi_periph/s00_couplers/auto_pc/inst/gen_axilite.gen_b2s_conv.axilite_b2s/areset_d1                                                  |                2 |              5 |         2.50 |
|  system_i/processing_system7_0/inst/FCLK_CLK0                          | system_i/ps7_0_axi_periph/s00_couplers/auto_pc/inst/gen_axilite.gen_b2s_conv.axilite_b2s/RD.r_channel_0/transaction_fifo_0/cnt_read[4]_i_1_n_0               | system_i/ps7_0_axi_periph/s00_couplers/auto_pc/inst/gen_axilite.gen_b2s_conv.axilite_b2s/areset_d1                                                  |                1 |              5 |         5.00 |
|  system_i/processing_system7_0/inst/FCLK_CLK0                          | system_i/rst_ps7_0_50M/U0/SEQ/seq_cnt_en                                                                                                                     | system_i/rst_ps7_0_50M/U0/SEQ/SEQ_COUNTER/clear                                                                                                     |                1 |              6 |         6.00 |
|  system_i/processing_system7_0/inst/FCLK_CLK0                          | system_i/flashing_light_0/inst/flashing_light_v1_0_S00_AXI_inst/slv_reg2[31]_i_1_n_0                                                                         | system_i/flashing_light_0/inst/flashing_light_v1_0_S00_AXI_inst/SR[0]                                                                               |                2 |              8 |         4.00 |
|  system_i/processing_system7_0/inst/FCLK_CLK0                          | system_i/flashing_light_0/inst/flashing_light_v1_0_S00_AXI_inst/slv_reg2[15]_i_1_n_0                                                                         | system_i/flashing_light_0/inst/flashing_light_v1_0_S00_AXI_inst/SR[0]                                                                               |                1 |              8 |         8.00 |
|  system_i/processing_system7_0/inst/FCLK_CLK0                          | system_i/flashing_light_0/inst/flashing_light_v1_0_S00_AXI_inst/E[0]                                                                                         | system_i/flashing_light_0/inst/flashing_light_v1_0_S00_AXI_inst/SR[0]                                                                               |                1 |              8 |         8.00 |
|  system_i/processing_system7_0/inst/FCLK_CLK0                          | system_i/flashing_light_0/inst/flashing_light_v1_0_S00_AXI_inst/slv_reg3[7]_i_1_n_0                                                                          | system_i/flashing_light_0/inst/flashing_light_v1_0_S00_AXI_inst/SR[0]                                                                               |                1 |              8 |         8.00 |
|  system_i/processing_system7_0/inst/FCLK_CLK0                          | system_i/flashing_light_0/inst/flashing_light_v1_0_S00_AXI_inst/slv_reg2[23]_i_1_n_0                                                                         | system_i/flashing_light_0/inst/flashing_light_v1_0_S00_AXI_inst/SR[0]                                                                               |                2 |              8 |         4.00 |
|  system_i/processing_system7_0/inst/FCLK_CLK0                          | system_i/flashing_light_0/inst/flashing_light_v1_0_S00_AXI_inst/slv_reg3[15]_i_1_n_0                                                                         | system_i/flashing_light_0/inst/flashing_light_v1_0_S00_AXI_inst/SR[0]                                                                               |                1 |              8 |         8.00 |
|  system_i/processing_system7_0/inst/FCLK_CLK0                          | system_i/flashing_light_0/inst/flashing_light_v1_0_S00_AXI_inst/slv_reg3[23]_i_1_n_0                                                                         | system_i/flashing_light_0/inst/flashing_light_v1_0_S00_AXI_inst/SR[0]                                                                               |                1 |              8 |         8.00 |
|  system_i/processing_system7_0/inst/FCLK_CLK0                          | system_i/flashing_light_0/inst/flashing_light_v1_0_S00_AXI_inst/slv_reg3[31]_i_1_n_0                                                                         | system_i/flashing_light_0/inst/flashing_light_v1_0_S00_AXI_inst/SR[0]                                                                               |                1 |              8 |         8.00 |
|  system_i/processing_system7_0/inst/FCLK_CLK0                          | system_i/flashing_light_0/inst/flashing_light_v1_0_S00_AXI_inst/p_1_in[31]                                                                                   | system_i/flashing_light_0/inst/flashing_light_v1_0_S00_AXI_inst/SR[0]                                                                               |                1 |              8 |         8.00 |
|  system_i/processing_system7_0/inst/FCLK_CLK0                          | system_i/flashing_light_0/inst/flashing_light_v1_0_S00_AXI_inst/slv_reg1[15]_i_1_n_0                                                                         | system_i/flashing_light_0/inst/flashing_light_v1_0_S00_AXI_inst/SR[0]                                                                               |                2 |              8 |         4.00 |
|  system_i/processing_system7_0/inst/FCLK_CLK0                          | system_i/flashing_light_0/inst/flashing_light_v1_0_S00_AXI_inst/slv_reg1[31]_i_1_n_0                                                                         | system_i/flashing_light_0/inst/flashing_light_v1_0_S00_AXI_inst/SR[0]                                                                               |                1 |              8 |         8.00 |
|  system_i/processing_system7_0/inst/FCLK_CLK0                          | system_i/ps7_0_axi_periph/s00_couplers/auto_pc/inst/gen_axilite.gen_b2s_conv.axilite_b2s/WR.b_channel_0/mhandshake_r                                         | system_i/ps7_0_axi_periph/s00_couplers/auto_pc/inst/gen_axilite.gen_b2s_conv.axilite_b2s/WR.b_channel_0/bid_fifo_0/SR[0]                            |                3 |              8 |         2.67 |
|  system_i/processing_system7_0/inst/FCLK_CLK0                          | system_i/flashing_light_0/inst/flashing_light_v1_0_S00_AXI_inst/slv_reg2[7]_i_1_n_0                                                                          | system_i/flashing_light_0/inst/flashing_light_v1_0_S00_AXI_inst/SR[0]                                                                               |                1 |              8 |         8.00 |
|  system_i/processing_system7_0/inst/FCLK_CLK0                          | system_i/flashing_light_0/inst/flashing_light_v1_0_S00_AXI_inst/p_1_in[8]                                                                                    | system_i/flashing_light_0/inst/flashing_light_v1_0_S00_AXI_inst/SR[0]                                                                               |                1 |              8 |         8.00 |
|  system_i/processing_system7_0/inst/FCLK_CLK0                          | system_i/flashing_light_0/inst/flashing_light_v1_0_S00_AXI_inst/p_1_in[23]                                                                                   | system_i/flashing_light_0/inst/flashing_light_v1_0_S00_AXI_inst/SR[0]                                                                               |                1 |              8 |         8.00 |
|  system_i/processing_system7_0/inst/FCLK_CLK0                          | system_i/flashing_light_0/inst/flashing_light_v1_0_S00_AXI_inst/slv_reg1[7]_i_1_n_0                                                                          | system_i/flashing_light_0/inst/flashing_light_v1_0_S00_AXI_inst/SR[0]                                                                               |                1 |              8 |         8.00 |
|  system_i/processing_system7_0/inst/FCLK_CLK0                          | system_i/flashing_light_0/inst/flashing_light_v1_0_S00_AXI_inst/slv_reg1[23]_i_1_n_0                                                                         | system_i/flashing_light_0/inst/flashing_light_v1_0_S00_AXI_inst/SR[0]                                                                               |                1 |              8 |         8.00 |
|  system_i/processing_system7_0/inst/FCLK_CLK0                          |                                                                                                                                                              | system_i/ps7_0_axi_periph/s00_couplers/auto_pc/inst/gen_axilite.gen_b2s_conv.axilite_b2s/areset_d1                                                  |                4 |             10 |         2.50 |
|  system_i/processing_system7_0/inst/FCLK_CLK0                          |                                                                                                                                                              | system_i/flashing_light_0/inst/flashing_light_v1_0_S00_AXI_inst/SR[0]                                                                               |                5 |             11 |         2.20 |
|  system_i/processing_system7_0/inst/FCLK_CLK0                          | system_i/ps7_0_axi_periph/s00_couplers/auto_pc/inst/gen_axilite.gen_b2s_conv.axilite_b2s/RD.r_channel_0/r_push_r                                             |                                                                                                                                                     |                4 |             13 |         3.25 |
|  system_i/processing_system7_0/inst/FCLK_CLK0                          | system_i/ps7_0_axi_periph/s00_couplers/auto_pc/inst/gen_axilite.gen_b2s_conv.axilite_b2s/RD.ar_channel_0/ar_cmd_fsm_0/m_axi_arready_2                        |                                                                                                                                                     |                5 |             13 |         2.60 |
|  system_i/processing_system7_0/inst/FCLK_CLK0                          | system_i/ps7_0_axi_periph/s00_couplers/auto_pc/inst/gen_axilite.gen_b2s_conv.axilite_b2s/SI_REG/b.b_pipe/s_ready_i_reg_0                                     |                                                                                                                                                     |                2 |             14 |         7.00 |
|  system_i/processing_system7_0/inst/FCLK_CLK0                          | system_i/ps7_0_axi_periph/s00_couplers/auto_pc/inst/gen_axilite.gen_b2s_conv.axilite_b2s/SI_REG/b.b_pipe/p_1_in                                              |                                                                                                                                                     |                2 |             14 |         7.00 |
|  system_i/processing_system7_0/inst/FCLK_CLK0                          | system_i/ps7_0_axi_periph/s00_couplers/auto_pc/inst/gen_axilite.gen_b2s_conv.axilite_b2s/WR.aw_channel_0/aw_cmd_fsm_0/m_axi_awready_0                        |                                                                                                                                                     |                3 |             16 |         5.33 |
|  system_i/processing_system7_0/inst/FCLK_CLK0                          | system_i/ps7_0_axi_periph/s00_couplers/auto_pc/inst/gen_axilite.gen_b2s_conv.axilite_b2s/WR.aw_channel_0/aw_cmd_fsm_0/FSM_sequential_state_reg[0]_1          |                                                                                                                                                     |                6 |             16 |         2.67 |
|  system_i/processing_system7_0/inst/FCLK_CLK0                          | system_i/ps7_0_axi_periph/s00_couplers/auto_pc/inst/gen_axilite.gen_b2s_conv.axilite_b2s/WR.aw_channel_0/aw_cmd_fsm_0/E[0]                                   |                                                                                                                                                     |                5 |             27 |         5.40 |
|  system_i/processing_system7_0/inst/FCLK_CLK0                          | system_i/ps7_0_axi_periph/s00_couplers/auto_pc/inst/gen_axilite.gen_b2s_conv.axilite_b2s/SI_REG/aw.aw_pipe/s_ready_i_reg_0                                   |                                                                                                                                                     |                4 |             27 |         6.75 |
|  system_i/processing_system7_0/inst/FCLK_CLK0                          | system_i/ps7_0_axi_periph/s00_couplers/auto_pc/inst/gen_axilite.gen_b2s_conv.axilite_b2s/RD.ar_channel_0/ar_cmd_fsm_0/m_valid_i_reg[0]                       |                                                                                                                                                     |                5 |             27 |         5.40 |
|  system_i/processing_system7_0/inst/FCLK_CLK0                          | system_i/ps7_0_axi_periph/s00_couplers/auto_pc/inst/gen_axilite.gen_b2s_conv.axilite_b2s/SI_REG/ar.ar_pipe/s_ready_i_reg_0                                   |                                                                                                                                                     |                5 |             27 |         5.40 |
|  system_i/processing_system7_0/inst/FCLK_CLK0                          | system_i/flashing_light_0/inst/flashing_light_v1_0_S00_AXI_inst/slv_reg_rden__0                                                                              | system_i/flashing_light_0/inst/flashing_light_v1_0_S00_AXI_inst/SR[0]                                                                               |                9 |             32 |         3.56 |
|  system_i/processing_system7_0/inst/FCLK_CLK0                          | system_i/ps7_0_axi_periph/s00_couplers/auto_pc/inst/gen_axilite.gen_b2s_conv.axilite_b2s/RD.r_channel_0/rd_data_fifo_0/wr_en0                                |                                                                                                                                                     |                9 |             32 |         3.56 |
|  system_i/processing_system7_0/inst/FCLK_CLK0                          | system_i/ps7_0_axi_periph/s00_couplers/auto_pc/inst/gen_axilite.gen_b2s_conv.axilite_b2s/SI_REG/r.r_pipe/p_1_in                                              |                                                                                                                                                     |                8 |             45 |         5.62 |
|  system_i/processing_system7_0/inst/FCLK_CLK0                          | system_i/ps7_0_axi_periph/s00_couplers/auto_pc/inst/gen_axilite.gen_b2s_conv.axilite_b2s/SI_REG/r.r_pipe/s_ready_i_reg_0                                     |                                                                                                                                                     |                8 |             45 |         5.62 |
|  system_i/processing_system7_0/inst/FCLK_CLK0                          |                                                                                                                                                              |                                                                                                                                                     |               31 |            110 |         3.55 |
+------------------------------------------------------------------------+--------------------------------------------------------------------------------------------------------------------------------------------------------------+-----------------------------------------------------------------------------------------------------------------------------------------------------+------------------+----------------+--------------+


