
*** Running vivado
    with args -log waterfall_light.vds -m64 -product Vivado -mode batch -messageDb vivado.pb -notrace -source waterfall_light.tcl



****** Vivado v2022.1 (64-bit)
  **** SW Build 3526262 on Mon Apr 18 15:48:16 MDT 2022
  **** IP Build 3524634 on Mon Apr 18 20:55:01 MDT 2022
    ** Copyright 1986-2022 Xilinx, Inc. All Rights Reserved.

source waterfall_light.tcl -notrace
Command: read_checkpoint -auto_incremental -incremental E:/Project/ZynqLearning/code/HDL/0_WATERFALL_LIGHT/0_WATERFALL_LIGHT.srcs/utils_1/imports/synth_1/waterfall_light.dcp
INFO: [Vivado 12-5825] Read reference checkpoint from E:/Project/ZynqLearning/code/HDL/0_WATERFALL_LIGHT/0_WATERFALL_LIGHT.srcs/utils_1/imports/synth_1/waterfall_light.dcp for incremental synthesis
INFO: [Vivado 12-7989] Please ensure there are no constraint changes
Command: synth_design -top waterfall_light -part xc7z035ffg676-2
Starting synth_design
Attempting to get a license for feature 'Synthesis' and/or device 'xc7z035'
INFO: [Common 17-349] Got license for feature 'Synthesis' and/or device 'xc7z035'
INFO: [Common 17-86] Your Synthesis license expires in 14 day(s)
INFO: [Designutils 20-5440] No compile time benefit to using incremental synthesis; A full resynthesis will be run
INFO: [Designutils 20-4379] Flow is switching to default flow due to incremental criteria not met. If you would like to alter this behaviour and have the flow terminate instead, please set the following parameter config_implementation {autoIncr.Synth.RejectBehavior Terminate}
INFO: [Synth 8-7079] Multithreading enabled for synth_design using a maximum of 2 processes.
INFO: [Synth 8-7078] Launching helper process for spawning children vivado processes
INFO: [Synth 8-7075] Helper process launched with PID 18488
---------------------------------------------------------------------------------
Starting Synthesize : Time (s): cpu = 00:00:03 ; elapsed = 00:00:06 . Memory (MB): peak = 1632.027 ; gain = 0.000
---------------------------------------------------------------------------------
INFO: [Synth 8-6157] synthesizing module 'waterfall_light' [E:/Project/ZynqLearning/code/HDL/0_WATERFALL_LIGHT/0_WATERFALL_LIGHT.srcs/sources_1/new/waterfall_light.v:23]
INFO: [Synth 8-6155] done synthesizing module 'waterfall_light' (0#1) [E:/Project/ZynqLearning/code/HDL/0_WATERFALL_LIGHT/0_WATERFALL_LIGHT.srcs/sources_1/new/waterfall_light.v:23]
WARNING: [Synth 8-7137] Register cnt_reg in module waterfall_light has both Set and reset with same priority. This may cause simulation mismatches. Consider rewriting code  [E:/Project/ZynqLearning/code/HDL/0_WATERFALL_LIGHT/0_WATERFALL_LIGHT.srcs/sources_1/new/waterfall_light.v:36]
---------------------------------------------------------------------------------
Finished Synthesize : Time (s): cpu = 00:00:04 ; elapsed = 00:00:08 . Memory (MB): peak = 1632.027 ; gain = 0.000
---------------------------------------------------------------------------------
---------------------------------------------------------------------------------
Finished Constraint Validation : Time (s): cpu = 00:00:04 ; elapsed = 00:00:08 . Memory (MB): peak = 1632.027 ; gain = 0.000
---------------------------------------------------------------------------------
---------------------------------------------------------------------------------
Start Loading Part and Timing Information
---------------------------------------------------------------------------------
Loading part: xc7z035ffg676-2
---------------------------------------------------------------------------------
Finished Loading Part and Timing Information : Time (s): cpu = 00:00:04 ; elapsed = 00:00:08 . Memory (MB): peak = 1632.027 ; gain = 0.000
---------------------------------------------------------------------------------
INFO: [Device 21-403] Loading part xc7z035ffg676-2
---------------------------------------------------------------------------------
Finished RTL Optimization Phase 2 : Time (s): cpu = 00:00:05 ; elapsed = 00:00:08 . Memory (MB): peak = 1632.027 ; gain = 0.000
---------------------------------------------------------------------------------
No constraint files found.
---------------------------------------------------------------------------------
Start RTL Component Statistics 
---------------------------------------------------------------------------------
Detailed RTL Component Info : 
+---Adders : 
	   2 Input   32 Bit       Adders := 1     
+---Registers : 
	               32 Bit    Registers := 1     
	                1 Bit    Registers := 1     
+---Muxes : 
	   2 Input   32 Bit        Muxes := 3     
	   3 Input    1 Bit        Muxes := 1     
---------------------------------------------------------------------------------
Finished RTL Component Statistics 
---------------------------------------------------------------------------------
---------------------------------------------------------------------------------
Start Part Resource Summary
---------------------------------------------------------------------------------
Part Resources:
DSPs: 900 (col length:140)
BRAMs: 1000 (col length: RAMB18 140 RAMB36 70)
---------------------------------------------------------------------------------
Finished Part Resource Summary
---------------------------------------------------------------------------------
No constraint files found.
---------------------------------------------------------------------------------
Start Cross Boundary and Area Optimization
---------------------------------------------------------------------------------
WARNING: [Synth 8-7080] Parallel synthesis criteria is not met
DSP Report: Generating DSP cnt1, operation Mode is: (C:0xfffffa0a1eff)+(A:0x562ad)*B.
DSP Report: operator cnt1 is absorbed into DSP cnt1.
DSP Report: operator cnt3 is absorbed into DSP cnt1.
---------------------------------------------------------------------------------
Finished Cross Boundary and Area Optimization : Time (s): cpu = 00:00:08 ; elapsed = 00:00:15 . Memory (MB): peak = 1632.027 ; gain = 0.000
---------------------------------------------------------------------------------
---------------------------------------------------------------------------------
Start ROM, RAM, DSP, Shift Register and Retiming Reporting
---------------------------------------------------------------------------------

DSP: Preliminary Mapping Report (see note below. The ' indicates corresponding REG is set)
+----------------+----------------------------------+--------+--------+--------+--------+--------+------+------+------+------+-------+------+------+
|Module Name     | DSP Mapping                      | A Size | B Size | C Size | D Size | P Size | AREG | BREG | CREG | DREG | ADREG | MREG | PREG | 
+----------------+----------------------------------+--------+--------+--------+--------+--------+------+------+------+------+-------+------+------+
|waterfall_light | (C:0xfffffa0a1eff)+(A:0x562ad)*B | 19     | 8      | 32     | -      | 32     | 0    | 0    | 0    | -    | -     | 0    | 0    | 
+----------------+----------------------------------+--------+--------+--------+--------+--------+------+------+------+------+-------+------+------+

Note: The table above is a preliminary report that shows the DSPs inferred at the current stage of the synthesis flow. Some DSP may be reimplemented as non DSP primitives later in the synthesis flow. Multiple instantiated DSPs are reported only once.
---------------------------------------------------------------------------------
Finished ROM, RAM, DSP, Shift Register and Retiming Reporting
---------------------------------------------------------------------------------
No constraint files found.
---------------------------------------------------------------------------------
Start Timing Optimization
---------------------------------------------------------------------------------
---------------------------------------------------------------------------------
Finished Timing Optimization : Time (s): cpu = 00:00:08 ; elapsed = 00:00:15 . Memory (MB): peak = 1632.027 ; gain = 0.000
---------------------------------------------------------------------------------
---------------------------------------------------------------------------------
Start Technology Mapping
---------------------------------------------------------------------------------
---------------------------------------------------------------------------------
Finished Technology Mapping : Time (s): cpu = 00:00:08 ; elapsed = 00:00:15 . Memory (MB): peak = 1632.027 ; gain = 0.000
---------------------------------------------------------------------------------
---------------------------------------------------------------------------------
Start IO Insertion
---------------------------------------------------------------------------------
---------------------------------------------------------------------------------
Start Flattening Before IO Insertion
---------------------------------------------------------------------------------
---------------------------------------------------------------------------------
Finished Flattening Before IO Insertion
---------------------------------------------------------------------------------
---------------------------------------------------------------------------------
Start Final Netlist Cleanup
---------------------------------------------------------------------------------
---------------------------------------------------------------------------------
Finished Final Netlist Cleanup
---------------------------------------------------------------------------------
---------------------------------------------------------------------------------
Finished IO Insertion : Time (s): cpu = 00:00:11 ; elapsed = 00:00:21 . Memory (MB): peak = 1632.027 ; gain = 0.000
---------------------------------------------------------------------------------
---------------------------------------------------------------------------------
Start Renaming Generated Instances
---------------------------------------------------------------------------------
---------------------------------------------------------------------------------
Finished Renaming Generated Instances : Time (s): cpu = 00:00:11 ; elapsed = 00:00:21 . Memory (MB): peak = 1632.027 ; gain = 0.000
---------------------------------------------------------------------------------
---------------------------------------------------------------------------------
Start Rebuilding User Hierarchy
---------------------------------------------------------------------------------
---------------------------------------------------------------------------------
Finished Rebuilding User Hierarchy : Time (s): cpu = 00:00:11 ; elapsed = 00:00:21 . Memory (MB): peak = 1632.027 ; gain = 0.000
---------------------------------------------------------------------------------
---------------------------------------------------------------------------------
Start Renaming Generated Ports
---------------------------------------------------------------------------------
---------------------------------------------------------------------------------
Finished Renaming Generated Ports : Time (s): cpu = 00:00:11 ; elapsed = 00:00:21 . Memory (MB): peak = 1632.027 ; gain = 0.000
---------------------------------------------------------------------------------
---------------------------------------------------------------------------------
Start Handling Custom Attributes
---------------------------------------------------------------------------------
---------------------------------------------------------------------------------
Finished Handling Custom Attributes : Time (s): cpu = 00:00:11 ; elapsed = 00:00:21 . Memory (MB): peak = 1632.027 ; gain = 0.000
---------------------------------------------------------------------------------
---------------------------------------------------------------------------------
Start Renaming Generated Nets
---------------------------------------------------------------------------------
---------------------------------------------------------------------------------
Finished Renaming Generated Nets : Time (s): cpu = 00:00:11 ; elapsed = 00:00:21 . Memory (MB): peak = 1632.027 ; gain = 0.000
---------------------------------------------------------------------------------
---------------------------------------------------------------------------------
Start Writing Synthesis Report
---------------------------------------------------------------------------------

DSP Final Report (the ' indicates corresponding REG is set)
+----------------+-------------+--------+--------+--------+--------+--------+------+------+------+------+-------+------+------+
|Module Name     | DSP Mapping | A Size | B Size | C Size | D Size | P Size | AREG | BREG | CREG | DREG | ADREG | MREG | PREG | 
+----------------+-------------+--------+--------+--------+--------+--------+------+------+------+------+-------+------+------+
|waterfall_light | C+A*B       | 19     | 8      | 48     | -      | 32     | 0    | 0    | 0    | -    | -     | 0    | 0    | 
+----------------+-------------+--------+--------+--------+--------+--------+------+------+------+------+-------+------+------+


Report BlackBoxes: 
+-+--------------+----------+
| |BlackBox name |Instances |
+-+--------------+----------+
+-+--------------+----------+

Report Cell Usage: 
+------+--------+------+
|      |Cell    |Count |
+------+--------+------+
|1     |BUFG    |     1|
|2     |CARRY4  |     8|
|3     |DSP48E1 |     1|
|4     |LUT1    |     1|
|5     |LUT2    |    64|
|6     |LUT3    |    65|
|7     |LUT4    |     3|
|8     |LUT5    |     3|
|9     |LUT6    |    17|
|10    |FDCE    |    33|
|11    |FDPE    |    32|
|12    |LDC     |    32|
|13    |IBUF    |    11|
|14    |OBUF    |     1|
+------+--------+------+

Report Instance Areas: 
+------+---------+-------+------+
|      |Instance |Module |Cells |
+------+---------+-------+------+
|1     |top      |       |   272|
+------+---------+-------+------+
---------------------------------------------------------------------------------
Finished Writing Synthesis Report : Time (s): cpu = 00:00:11 ; elapsed = 00:00:21 . Memory (MB): peak = 1632.027 ; gain = 0.000
---------------------------------------------------------------------------------
Synthesis finished with 0 errors, 0 critical warnings and 2 warnings.
Synthesis Optimization Runtime : Time (s): cpu = 00:00:11 ; elapsed = 00:00:21 . Memory (MB): peak = 1632.027 ; gain = 0.000
Synthesis Optimization Complete : Time (s): cpu = 00:00:11 ; elapsed = 00:00:21 . Memory (MB): peak = 1632.027 ; gain = 0.000
INFO: [Project 1-571] Translating synthesized netlist
Netlist sorting complete. Time (s): cpu = 00:00:00 ; elapsed = 00:00:00.004 . Memory (MB): peak = 1632.027 ; gain = 0.000
INFO: [Netlist 29-17] Analyzing 41 Unisim elements for replacement
INFO: [Netlist 29-28] Unisim Transformation completed in 0 CPU seconds
INFO: [Project 1-570] Preparing netlist for logic optimization
INFO: [Opt 31-138] Pushed 0 inverter(s) to 0 load pin(s).
Netlist sorting complete. Time (s): cpu = 00:00:00 ; elapsed = 00:00:00 . Memory (MB): peak = 1658.859 ; gain = 0.000
INFO: [Project 1-111] Unisim Transformation Summary:
  A total of 32 instances were transformed.
  LDC => LDCE: 32 instances

Synth Design complete, checksum: 44af9ec6
INFO: [Common 17-83] Releasing license: Synthesis
19 Infos, 2 Warnings, 0 Critical Warnings and 0 Errors encountered.
synth_design completed successfully
synth_design: Time (s): cpu = 00:00:13 ; elapsed = 00:00:23 . Memory (MB): peak = 1658.859 ; gain = 26.832
INFO: [Common 17-1381] The checkpoint 'E:/Project/ZynqLearning/code/HDL/0_WATERFALL_LIGHT/0_WATERFALL_LIGHT.runs/synth_1/waterfall_light.dcp' has been generated.
INFO: [runtcl-4] Executing : report_utilization -file waterfall_light_utilization_synth.rpt -pb waterfall_light_utilization_synth.pb
INFO: [Common 17-206] Exiting Vivado at Tue Apr 11 16:25:15 2023...
