# do {waterfall_light_tb_compile.do}
# ** Warning: (vlib-34) Library already exists at "modelsim_lib/work".
# 
# ** Warning: (vlib-34) Library already exists at "modelsim_lib/msim".
# 
# ** Warning: (vlib-34) Library already exists at "modelsim_lib/msim/xil_defaultlib".
# 
# Model Technology ModelSim SE-64 vmap 10.4 Lib Mapping Utility 2014.12 Dec  3 2014
# vmap xil_defaultlib modelsim_lib/msim/xil_defaultlib 
# Modifying modelsim.ini
# Model Technology ModelSim SE-64 vlog 10.4 Compiler 2014.12 Dec  3 2014
# Start time: 16:09:08 on Apr 11,2023
# vlog -incr -mfcu -work xil_defaultlib ../../../../0_WATERFALL_LIGHT.srcs/sources_1/new/waterfall_light.v ../../../../0_WATERFALL_LIGHT.srcs/sim_1/new/waterfall_light_tb.v 
# -- Skipping module waterfall_light
# -- Compiling module waterfall_light_tb
# 
# Top level modules:
# 	waterfall_light_tb
# End time: 16:09:08 on Apr 11,2023, Elapsed time: 0:00:00
# Errors: 0, Warnings: 0
# Model Technology ModelSim SE-64 vlog 10.4 Compiler 2014.12 Dec  3 2014
# Start time: 16:09:08 on Apr 11,2023
# vlog -work xil_defaultlib glbl.v 
# -- Compiling module glbl
# 
# Top level modules:
# 	glbl
# End time: 16:09:08 on Apr 11,2023, Elapsed time: 0:00:00
# Errors: 0, Warnings: 0
